[     403ms] [INFO] %cDownload the React DevTools for a better development experience: https://react.dev/link/react-devtools font-weight:bold @ http://localhost:3000/_next/static/chunks/acfdc_next_dist_d6b4f642._.js:2302
[     507ms] [LOG] [HMR] connected @ http://localhost:3000/_next/static/chunks/acfdc_next_dist_d6b4f642._.js:2302
[     634ms] [WARNING] Please ensure that the container has a non-static position, like 'relative', 'fixed', or 'absolute' to ensure scroll offset is calculated correctly. @ http://localhost:3000/_next/static/chunks/acfdc_next_dist_d6b4f642._.js:2302
[   40050ms] [LOG] [Fast Refresh] rebuilding @ http://localhost:3000/_next/static/chunks/acfdc_next_dist_d6b4f642._.js:2302
[   40073ms] [LOG] [Fast Refresh] done in 62ms @ http://localhost:3000/_next/static/chunks/acfdc_next_dist_d6b4f642._.js:2302
[   45305ms] [LOG] [Fast Refresh] rebuilding @ http://localhost:3000/_next/static/chunks/acfdc_next_dist_d6b4f642._.js:2302
[   45330ms] [LOG] [Fast Refresh] done in 52ms @ http://localhost:3000/_next/static/chunks/acfdc_next_dist_d6b4f642._.js:2302
[   47022ms] [LOG] [Fast Refresh] rebuilding @ http://localhost:3000/_next/static/chunks/acfdc_next_dist_d6b4f642._.js:2302
[   47045ms] [LOG] [Fast Refresh] done in 60ms @ http://localhost:3000/_next/static/chunks/acfdc_next_dist_d6b4f642._.js:2302
[   50885ms] [LOG] [Fast Refresh] rebuilding @ http://localhost:3000/_next/static/chunks/acfdc_next_dist_d6b4f642._.js:2302
[   50906ms] [LOG] [Fast Refresh] done in 61ms @ http://localhost:3000/_next/static/chunks/acfdc_next_dist_d6b4f642._.js:2302
[   57924ms] [LOG] [Fast Refresh] rebuilding @ http://localhost:3000/_next/static/chunks/acfdc_next_dist_d6b4f642._.js:2302
[   57945ms] [LOG] [Fast Refresh] done in 51ms @ http://localhost:3000/_next/static/chunks/acfdc_next_dist_d6b4f642._.js:2302
[  132096ms] [LOG] [Fast Refresh] rebuilding @ http://localhost:3000/_next/static/chunks/acfdc_next_dist_d6b4f642._.js:2302
[  132104ms] [LOG] [Fast Refresh] done in 109ms @ http://localhost:3000/_next/static/chunks/acfdc_next_dist_d6b4f642._.js:2302
[  173206ms] [LOG] [Fast Refresh] rebuilding @ http://localhost:3000/_next/static/chunks/acfdc_next_dist_d6b4f642._.js:2302
[  173225ms] [LOG] [Fast Refresh] done in 64ms @ http://localhost:3000/_next/static/chunks/acfdc_next_dist_d6b4f642._.js:2302
[  177923ms] [LOG] [Fast Refresh] rebuilding @ http://localhost:3000/_next/static/chunks/acfdc_next_dist_d6b4f642._.js:2302
[  177944ms] [LOG] [Fast Refresh] done in 55ms @ http://localhost:3000/_next/static/chunks/acfdc_next_dist_d6b4f642._.js:2302
[  184241ms] [LOG] [Fast Refresh] rebuilding @ http://localhost:3000/_next/static/chunks/acfdc_next_dist_d6b4f642._.js:2302
[  184262ms] [LOG] [Fast Refresh] done in 63ms @ http://localhost:3000/_next/static/chunks/acfdc_next_dist_d6b4f642._.js:2302
[  188187ms] [LOG] [Fast Refresh] rebuilding @ http://localhost:3000/_next/static/chunks/acfdc_next_dist_d6b4f642._.js:2302
[  188211ms] [LOG] [Fast Refresh] done in 56ms @ http://localhost:3000/_next/static/chunks/acfdc_next_dist_d6b4f642._.js:2302
[  191396ms] [LOG] [Fast Refresh] rebuilding @ http://localhost:3000/_next/static/chunks/acfdc_next_dist_d6b4f642._.js:2302
[  191418ms] [LOG] [Fast Refresh] done in 56ms @ http://localhost:3000/_next/static/chunks/acfdc_next_dist_d6b4f642._.js:2302
[  229264ms] [LOG] [Fast Refresh] rebuilding @ http://localhost:3000/_next/static/chunks/acfdc_next_dist_d6b4f642._.js:2302
[  229285ms] [LOG] [Fast Refresh] done in 56ms @ http://localhost:3000/_next/static/chunks/acfdc_next_dist_d6b4f642._.js:2302
[  234046ms] [LOG] [Fast Refresh] rebuilding @ http://localhost:3000/_next/static/chunks/acfdc_next_dist_d6b4f642._.js:2302
[  234061ms] ReferenceError: useState is not defined
    at DitherTransition (http://localhost:3000/_next/static/chunks/_4951f572._.js?id=%255Bproject%255D%252Fapps%252Fweb%252Fcomponents%252Fui%252Fdither-transition.tsx+%255Bapp-client%255D+%2528ecmascript%2529:60:24)
    at Object.react_stack_bottom_frame (http://localhost:3000/_next/static/chunks/acfdc_next_dist_compiled_react-dom_d04dd8d4._.js:14826:24)
    at renderWithHooks (http://localhost:3000/_next/static/chunks/acfdc_next_dist_compiled_react-dom_d04dd8d4._.js:4651:24)
    at updateFunctionComponent (http://localhost:3000/_next/static/chunks/acfdc_next_dist_compiled_react-dom_d04dd8d4._.js:6112:21)
    at beginWork (http://localhost:3000/_next/static/chunks/acfdc_next_dist_compiled_react-dom_d04dd8d4._.js:6708:24)
    at runWithFiberInDEV (http://localhost:3000/_next/static/chunks/acfdc_next_dist_compiled_react-dom_d04dd8d4._.js:965:74)
    at performUnitOfWork (http://localhost:3000/_next/static/chunks/acfdc_next_dist_compiled_react-dom_d04dd8d4._.js:9562:97)
    at workLoopSync (http://localhost:3000/_next/static/chunks/acfdc_next_dist_compiled_react-dom_d04dd8d4._.js:9456:40)
    at renderRootSync (http://localhost:3000/_next/static/chunks/acfdc_next_dist_compiled_react-dom_d04dd8d4._.js:9440:13)
    at performWorkOnRoot (http://localhost:3000/_next/static/chunks/acfdc_next_dist_compiled_react-dom_d04dd8d4._.js:9105:47)
    at performSyncWorkOnRoot (http://localhost:3000/_next/static/chunks/acfdc_next_dist_compiled_react-dom_d04dd8d4._.js:10238:9)
    at flushSyncWorkAcrossRoots_impl (http://localhost:3000/_next/static/chunks/acfdc_next_dist_compiled_react-dom_d04dd8d4._.js:10154:316)
    at flushSyncWork$1 (http://localhost:3000/_next/static/chunks/acfdc_next_dist_compiled_react-dom_d04dd8d4._.js:9237:86)
    at Object.scheduleRefresh (http://localhost:3000/_next/static/chunks/acfdc_next_dist_compiled_react-dom_d04dd8d4._.js:299:13)
    at http://localhost:3000/_next/static/chunks/acfdc_next_dist_compiled_a0ebb223._.js:391:33
    at Set.forEach (<anonymous>)
    at Object.performReactRefresh (http://localhost:3000/_next/static/chunks/acfdc_next_dist_compiled_a0ebb223._.js:384:38)
    at applyUpdate (http://localhost:3000/_next/static/chunks/acfdc_next_dist_compiled_a0ebb223._.js:878:31)
    at http://localhost:3000/_next/static/chunks/acfdc_next_dist_compiled_a0ebb223._.js:886:13
[  234074ms] [LOG] [Fast Refresh] done in 59ms @ http://localhost:3000/_next/static/chunks/acfdc_next_dist_d6b4f642._.js:2302
[  240557ms] [LOG] [Fast Refresh] rebuilding @ http://localhost:3000/_next/static/chunks/acfdc_next_dist_d6b4f642._.js:2302
[  240560ms] [WARNING] [Fast Refresh] performing full reload because your application had an unrecoverable error @ http://localhost:3000/_next/static/chunks/acfdc_next_dist_d6b4f642._.js:2302
[  240699ms] [LOG] [Fast Refresh] done in 63ms @ http://localhost:3000/_next/static/chunks/acfdc_next_dist_d6b4f642._.js:2302
[  240964ms] [INFO] %cDownload the React DevTools for a better development experience: https://react.dev/link/react-devtools font-weight:bold @ http://localhost:3000/_next/static/chunks/acfdc_next_dist_d6b4f642._.js:2302
[  241014ms] [LOG] [HMR] connected @ http://localhost:3000/_next/static/chunks/acfdc_next_dist_d6b4f642._.js:2302
[  241185ms] [WARNING] Please ensure that the container has a non-static position, like 'relative', 'fixed', or 'absolute' to ensure scroll offset is calculated correctly. @ http://localhost:3000/_next/static/chunks/acfdc_next_dist_d6b4f642._.js:2302
[  245713ms] [LOG] [Fast Refresh] rebuilding @ http://localhost:3000/_next/static/chunks/acfdc_next_dist_d6b4f642._.js:2302
[  245734ms] [LOG] [Fast Refresh] done in 55ms @ http://localhost:3000/_next/static/chunks/acfdc_next_dist_d6b4f642._.js:2302
[  249601ms] [LOG] [Fast Refresh] rebuilding @ http://localhost:3000/_next/static/chunks/acfdc_next_dist_d6b4f642._.js:2302
[  249622ms] [LOG] [Fast Refresh] done in 49ms @ http://localhost:3000/_next/static/chunks/acfdc_next_dist_d6b4f642._.js:2302
[  253174ms] [LOG] [Fast Refresh] rebuilding @ http://localhost:3000/_next/static/chunks/acfdc_next_dist_d6b4f642._.js:2302
[  253193ms] [LOG] [Fast Refresh] done in 60ms @ http://localhost:3000/_next/static/chunks/acfdc_next_dist_d6b4f642._.js:2302
[  296917ms] [LOG] [Fast Refresh] rebuilding @ http://localhost:3000/_next/static/chunks/acfdc_next_dist_d6b4f642._.js:2302
[  296979ms] [LOG] [Fast Refresh] done in 163ms @ http://localhost:3000/_next/static/chunks/acfdc_next_dist_d6b4f642._.js:2302
[  303785ms] [LOG] [Fast Refresh] rebuilding @ http://localhost:3000/_next/static/chunks/acfdc_next_dist_d6b4f642._.js:2302
[  303872ms] [LOG] [Fast Refresh] done in 81ms @ http://localhost:3000/_next/static/chunks/acfdc_next_dist_d6b4f642._.js:2302
[  308446ms] [LOG] [Fast Refresh] rebuilding @ http://localhost:3000/_next/static/chunks/acfdc_next_dist_d6b4f642._.js:2302
[  308632ms] [LOG] [Fast Refresh] done in 35ms @ http://localhost:3000/_next/static/chunks/acfdc_next_dist_d6b4f642._.js:2302
