[     230ms] [INFO] %cDownload the React DevTools for a better development experience: https://react.dev/link/react-devtools font-weight:bold @ http://localhost:3000/_next/static/chunks/acfdc_next_dist_d6b4f642._.js:2302
[     282ms] [LOG] [HMR] connected @ http://localhost:3000/_next/static/chunks/acfdc_next_dist_d6b4f642._.js:2302
[     488ms] [WARNING] Please ensure that the container has a non-static position, like 'relative', 'fixed', or 'absolute' to ensure scroll offset is calculated correctly. @ http://localhost:3000/_next/static/chunks/acfdc_next_dist_d6b4f642._.js:2302
[     585ms] [WARNING] Image with src "https://cdn.riven.software/images/landing/background-gradient-2.webp" has "fill" but is missing "sizes" prop. Please add it to improve page performance. Read more: https://nextjs.org/docs/api-reference/next/image#sizes @ http://localhost:3000/_next/static/chunks/acfdc_next_dist_d6b4f642._.js:2302
[     586ms] [WARNING] Image with src "https://cdn.riven.software/images/landing/stack-layers.webp" has "fill" and parent element with invalid "position". Provided "static" should be one of absolute,fixed,relative. @ http://localhost:3000/_next/static/chunks/acfdc_next_dist_d6b4f642._.js:2302
[    6139ms] [LOG] [Fast Refresh] rebuilding @ http://localhost:3000/_next/static/chunks/acfdc_next_dist_d6b4f642._.js:2302
[    6167ms] [LOG] [Fast Refresh] done in 73ms @ http://localhost:3000/_next/static/chunks/acfdc_next_dist_d6b4f642._.js:2302
[    6980ms] [LOG] [Fast Refresh] rebuilding @ http://localhost:3000/_next/static/chunks/acfdc_next_dist_d6b4f642._.js:2302
[    7009ms] [LOG] [Fast Refresh] done in 128ms @ http://localhost:3000/_next/static/chunks/acfdc_next_dist_d6b4f642._.js:2302
[   11428ms] [LOG] [Fast Refresh] rebuilding @ http://localhost:3000/_next/static/chunks/acfdc_next_dist_d6b4f642._.js:2302
[   11450ms] [LOG] [Fast Refresh] done in 57ms @ http://localhost:3000/_next/static/chunks/acfdc_next_dist_d6b4f642._.js:2302
[   12249ms] [LOG] [Fast Refresh] rebuilding @ http://localhost:3000/_next/static/chunks/acfdc_next_dist_d6b4f642._.js:2302
[   12257ms] [LOG] [Fast Refresh] done in 107ms @ http://localhost:3000/_next/static/chunks/acfdc_next_dist_d6b4f642._.js:2302
[   19353ms] [LOG] [Fast Refresh] rebuilding @ http://localhost:3000/_next/static/chunks/acfdc_next_dist_d6b4f642._.js:2302
[   19369ms] [LOG] [Fast Refresh] done in 55ms @ http://localhost:3000/_next/static/chunks/acfdc_next_dist_d6b4f642._.js:2302
[   19924ms] [LOG] [Fast Refresh] rebuilding @ http://localhost:3000/_next/static/chunks/acfdc_next_dist_d6b4f642._.js:2302
[   19940ms] [LOG] [Fast Refresh] done in 117ms @ http://localhost:3000/_next/static/chunks/acfdc_next_dist_d6b4f642._.js:2302
[   25029ms] [LOG] [Fast Refresh] rebuilding @ http://localhost:3000/_next/static/chunks/acfdc_next_dist_d6b4f642._.js:2302
[   25048ms] [LOG] [Fast Refresh] done in 52ms @ http://localhost:3000/_next/static/chunks/acfdc_next_dist_d6b4f642._.js:2302
[   26031ms] [LOG] [Fast Refresh] rebuilding @ http://localhost:3000/_next/static/chunks/acfdc_next_dist_d6b4f642._.js:2302
[   26039ms] [LOG] [Fast Refresh] done in 108ms @ http://localhost:3000/_next/static/chunks/acfdc_next_dist_d6b4f642._.js:2302
[   33288ms] [LOG] [Fast Refresh] rebuilding @ http://localhost:3000/_next/static/chunks/acfdc_next_dist_d6b4f642._.js:2302
[   33306ms] [LOG] [Fast Refresh] done in 56ms @ http://localhost:3000/_next/static/chunks/acfdc_next_dist_d6b4f642._.js:2302
[   45055ms] [LOG] [Fast Refresh] rebuilding @ http://localhost:3000/_next/static/chunks/acfdc_next_dist_d6b4f642._.js:2302
[   45060ms] [LOG] [Fast Refresh] done in 106ms @ http://localhost:3000/_next/static/chunks/acfdc_next_dist_d6b4f642._.js:2302
[   74939ms] [LOG] [Fast Refresh] rebuilding @ http://localhost:3000/_next/static/chunks/acfdc_next_dist_d6b4f642._.js:2302
[   74953ms] [LOG] [Fast Refresh] done in 58ms @ http://localhost:3000/_next/static/chunks/acfdc_next_dist_d6b4f642._.js:2302
[   75646ms] [LOG] [Fast Refresh] rebuilding @ http://localhost:3000/_next/static/chunks/acfdc_next_dist_d6b4f642._.js:2302
[   75651ms] [LOG] [Fast Refresh] done in 105ms @ http://localhost:3000/_next/static/chunks/acfdc_next_dist_d6b4f642._.js:2302
[   82340ms] [LOG] [Fast Refresh] rebuilding @ http://localhost:3000/_next/static/chunks/acfdc_next_dist_d6b4f642._.js:2302
[   82356ms] [LOG] [Fast Refresh] done in 60ms @ http://localhost:3000/_next/static/chunks/acfdc_next_dist_d6b4f642._.js:2302
[   87907ms] [LOG] [Fast Refresh] rebuilding @ http://localhost:3000/_next/static/chunks/acfdc_next_dist_d6b4f642._.js:2302
[   87917ms] [LOG] [Fast Refresh] done in 64ms @ http://localhost:3000/_next/static/chunks/acfdc_next_dist_d6b4f642._.js:2302
[   99118ms] [LOG] [Fast Refresh] rebuilding @ http://localhost:3000/_next/static/chunks/acfdc_next_dist_d6b4f642._.js:2302
[   99130ms] [LOG] [Fast Refresh] done in 61ms @ http://localhost:3000/_next/static/chunks/acfdc_next_dist_d6b4f642._.js:2302
[  105218ms] [LOG] [Fast Refresh] rebuilding @ http://localhost:3000/_next/static/chunks/acfdc_next_dist_d6b4f642._.js:2302
[  105231ms] [LOG] [Fast Refresh] done in 61ms @ http://localhost:3000/_next/static/chunks/acfdc_next_dist_d6b4f642._.js:2302
[  105994ms] [LOG] [Fast Refresh] rebuilding @ http://localhost:3000/_next/static/chunks/acfdc_next_dist_d6b4f642._.js:2302
[  106022ms] [LOG] [Fast Refresh] done in 128ms @ http://localhost:3000/_next/static/chunks/acfdc_next_dist_d6b4f642._.js:2302
[  133056ms] [LOG] [Fast Refresh] rebuilding @ http://localhost:3000/_next/static/chunks/acfdc_next_dist_d6b4f642._.js:2302
[  133075ms] [LOG] [Fast Refresh] done in 56ms @ http://localhost:3000/_next/static/chunks/acfdc_next_dist_d6b4f642._.js:2302
[  136210ms] [LOG] [Fast Refresh] rebuilding @ http://localhost:3000/_next/static/chunks/acfdc_next_dist_d6b4f642._.js:2302
[  136239ms] [LOG] [Fast Refresh] done in 129ms @ http://localhost:3000/_next/static/chunks/acfdc_next_dist_d6b4f642._.js:2302
[  136342ms] [LOG] [Fast Refresh] rebuilding @ http://localhost:3000/_next/static/chunks/acfdc_next_dist_d6b4f642._.js:2302
[  136453ms] [LOG] [Fast Refresh] done in 206ms @ http://localhost:3000/_next/static/chunks/acfdc_next_dist_d6b4f642._.js:2302
[  142372ms] [LOG] [Fast Refresh] rebuilding @ http://localhost:3000/_next/static/chunks/acfdc_next_dist_d6b4f642._.js:2302
[  142388ms] [LOG] [Fast Refresh] done in 59ms @ http://localhost:3000/_next/static/chunks/acfdc_next_dist_d6b4f642._.js:2302
[  142943ms] [LOG] [Fast Refresh] rebuilding @ http://localhost:3000/_next/static/chunks/acfdc_next_dist_d6b4f642._.js:2302
[  142962ms] [LOG] [Fast Refresh] done in 119ms @ http://localhost:3000/_next/static/chunks/acfdc_next_dist_d6b4f642._.js:2302
[  148673ms] [LOG] [Fast Refresh] rebuilding @ http://localhost:3000/_next/static/chunks/acfdc_next_dist_d6b4f642._.js:2302
[  148686ms] [LOG] [Fast Refresh] done in 63ms @ http://localhost:3000/_next/static/chunks/acfdc_next_dist_d6b4f642._.js:2302
[  149373ms] [LOG] [Fast Refresh] rebuilding @ http://localhost:3000/_next/static/chunks/acfdc_next_dist_d6b4f642._.js:2302
[  149382ms] [LOG] [Fast Refresh] done in 109ms @ http://localhost:3000/_next/static/chunks/acfdc_next_dist_d6b4f642._.js:2302
[  156688ms] [LOG] [Fast Refresh] rebuilding @ http://localhost:3000/_next/static/chunks/acfdc_next_dist_d6b4f642._.js:2302
[  156703ms] [LOG] [Fast Refresh] done in 60ms @ http://localhost:3000/_next/static/chunks/acfdc_next_dist_d6b4f642._.js:2302
[  157233ms] [LOG] [Fast Refresh] rebuilding @ http://localhost:3000/_next/static/chunks/acfdc_next_dist_d6b4f642._.js:2302
[  157246ms] [LOG] [Fast Refresh] done in 66ms @ http://localhost:3000/_next/static/chunks/acfdc_next_dist_d6b4f642._.js:2302
[  193080ms] [LOG] [Fast Refresh] rebuilding @ http://localhost:3000/_next/static/chunks/acfdc_next_dist_d6b4f642._.js:2302
[  193099ms] [LOG] [Fast Refresh] done in 62ms @ http://localhost:3000/_next/static/chunks/acfdc_next_dist_d6b4f642._.js:2302
[  195781ms] [LOG] [Fast Refresh] rebuilding @ http://localhost:3000/_next/static/chunks/acfdc_next_dist_d6b4f642._.js:2302
[  195790ms] [LOG] [Fast Refresh] done in 108ms @ http://localhost:3000/_next/static/chunks/acfdc_next_dist_d6b4f642._.js:2302
[  200293ms] [LOG] [Fast Refresh] rebuilding @ http://localhost:3000/_next/static/chunks/acfdc_next_dist_d6b4f642._.js:2302
[  200309ms] [LOG] [Fast Refresh] done in 59ms @ http://localhost:3000/_next/static/chunks/acfdc_next_dist_d6b4f642._.js:2302
[  210965ms] [LOG] [Fast Refresh] rebuilding @ http://localhost:3000/_next/static/chunks/acfdc_next_dist_d6b4f642._.js:2302
[  210984ms] [LOG] [Fast Refresh] done in 84ms @ http://localhost:3000/_next/static/chunks/acfdc_next_dist_d6b4f642._.js:2302
[  215335ms] [LOG] [Fast Refresh] rebuilding @ http://localhost:3000/_next/static/chunks/acfdc_next_dist_d6b4f642._.js:2302
[  215437ms] [LOG] [Fast Refresh] done in 109ms @ http://localhost:3000/_next/static/chunks/acfdc_next_dist_d6b4f642._.js:2302
[  217821ms] [LOG] [Fast Refresh] rebuilding @ http://localhost:3000/_next/static/chunks/acfdc_next_dist_d6b4f642._.js:2302
[  217841ms] [LOG] [Fast Refresh] done in 56ms @ http://localhost:3000/_next/static/chunks/acfdc_next_dist_d6b4f642._.js:2302
[  219750ms] [LOG] [Fast Refresh] rebuilding @ http://localhost:3000/_next/static/chunks/acfdc_next_dist_d6b4f642._.js:2302
[  219769ms] [LOG] [Fast Refresh] done in 54ms @ http://localhost:3000/_next/static/chunks/acfdc_next_dist_d6b4f642._.js:2302
[  221749ms] [LOG] [Fast Refresh] rebuilding @ http://localhost:3000/_next/static/chunks/acfdc_next_dist_d6b4f642._.js:2302
[  221766ms] [LOG] [Fast Refresh] done in 54ms @ http://localhost:3000/_next/static/chunks/acfdc_next_dist_d6b4f642._.js:2302
[  224877ms] [LOG] [Fast Refresh] rebuilding @ http://localhost:3000/_next/static/chunks/acfdc_next_dist_d6b4f642._.js:2302
[  224895ms] [LOG] [Fast Refresh] done in 54ms @ http://localhost:3000/_next/static/chunks/acfdc_next_dist_d6b4f642._.js:2302
[  226611ms] [LOG] [Fast Refresh] rebuilding @ http://localhost:3000/_next/static/chunks/acfdc_next_dist_d6b4f642._.js:2302
[  226627ms] [LOG] [Fast Refresh] done in 53ms @ http://localhost:3000/_next/static/chunks/acfdc_next_dist_d6b4f642._.js:2302
[  227973ms] [LOG] [Fast Refresh] rebuilding @ http://localhost:3000/_next/static/chunks/acfdc_next_dist_d6b4f642._.js:2302
[  227981ms] [LOG] [Fast Refresh] done in 107ms @ http://localhost:3000/_next/static/chunks/acfdc_next_dist_d6b4f642._.js:2302
[  254474ms] [LOG] [Fast Refresh] rebuilding @ http://localhost:3000/_next/static/chunks/acfdc_next_dist_d6b4f642._.js:2302
[  254544ms] [LOG] [Fast Refresh] done in 105ms @ http://localhost:3000/_next/static/chunks/acfdc_next_dist_d6b4f642._.js:2302
[  256558ms] [LOG] [Fast Refresh] rebuilding @ http://localhost:3000/_next/static/chunks/acfdc_next_dist_d6b4f642._.js:2302
[  256641ms] [LOG] [Fast Refresh] done in 101ms @ http://localhost:3000/_next/static/chunks/acfdc_next_dist_d6b4f642._.js:2302
[  258179ms] [LOG] [Fast Refresh] rebuilding @ http://localhost:3000/_next/static/chunks/acfdc_next_dist_d6b4f642._.js:2302
[  258282ms] [LOG] [Fast Refresh] done in 89ms @ http://localhost:3000/_next/static/chunks/acfdc_next_dist_d6b4f642._.js:2302
[  266577ms] [LOG] [Fast Refresh] rebuilding @ http://localhost:3000/_next/static/chunks/acfdc_next_dist_d6b4f642._.js:2302
[  266592ms] [LOG] [Fast Refresh] done in 56ms @ http://localhost:3000/_next/static/chunks/acfdc_next_dist_d6b4f642._.js:2302
[  270626ms] [LOG] [Fast Refresh] rebuilding @ http://localhost:3000/_next/static/chunks/acfdc_next_dist_d6b4f642._.js:2302
[  270641ms] [LOG] [Fast Refresh] done in 64ms @ http://localhost:3000/_next/static/chunks/acfdc_next_dist_d6b4f642._.js:2302
[  272290ms] [LOG] [Fast Refresh] rebuilding @ http://localhost:3000/_next/static/chunks/acfdc_next_dist_d6b4f642._.js:2302
[  272308ms] [LOG] [Fast Refresh] done in 50ms @ http://localhost:3000/_next/static/chunks/acfdc_next_dist_d6b4f642._.js:2302
[  273312ms] [LOG] [Fast Refresh] rebuilding @ http://localhost:3000/_next/static/chunks/acfdc_next_dist_d6b4f642._.js:2302
[  273381ms] [LOG] [Fast Refresh] done in 104ms @ http://localhost:3000/_next/static/chunks/acfdc_next_dist_d6b4f642._.js:2302
[  286850ms] [LOG] [Fast Refresh] rebuilding @ http://localhost:3000/_next/static/chunks/acfdc_next_dist_d6b4f642._.js:2302
[  286919ms] [LOG] [Fast Refresh] done in 93ms @ http://localhost:3000/_next/static/chunks/acfdc_next_dist_d6b4f642._.js:2302
[  309503ms] [LOG] [Fast Refresh] rebuilding @ http://localhost:3000/_next/static/chunks/acfdc_next_dist_d6b4f642._.js:2302
[  309714ms] [LOG] [Fast Refresh] done in 81ms @ http://localhost:3000/_next/static/chunks/acfdc_next_dist_d6b4f642._.js:2302
[  309827ms] [LOG] [Fast Refresh] rebuilding @ http://localhost:3000/_next/static/chunks/acfdc_next_dist_d6b4f642._.js:2302
[  310017ms] [LOG] [Fast Refresh] done in 293ms @ http://localhost:3000/_next/static/chunks/acfdc_next_dist_d6b4f642._.js:2302
[  338179ms] [LOG] [Fast Refresh] rebuilding @ http://localhost:3000/_next/static/chunks/acfdc_next_dist_d6b4f642._.js:2302
[  338195ms] [LOG] [Fast Refresh] done in 57ms @ http://localhost:3000/_next/static/chunks/acfdc_next_dist_d6b4f642._.js:2302
[  338818ms] [LOG] [Fast Refresh] rebuilding @ http://localhost:3000/_next/static/chunks/acfdc_next_dist_d6b4f642._.js:2302
[  338858ms] [LOG] [Fast Refresh] done in 141ms @ http://localhost:3000/_next/static/chunks/acfdc_next_dist_d6b4f642._.js:2302
[  349910ms] [LOG] [Fast Refresh] rebuilding @ http://localhost:3000/_next/static/chunks/acfdc_next_dist_d6b4f642._.js:2302
[  349926ms] [LOG] [Fast Refresh] done in 56ms @ http://localhost:3000/_next/static/chunks/acfdc_next_dist_d6b4f642._.js:2302
[  353489ms] [LOG] [Fast Refresh] rebuilding @ http://localhost:3000/_next/static/chunks/acfdc_next_dist_d6b4f642._.js:2302
[  353515ms] [LOG] [Fast Refresh] done in 126ms @ http://localhost:3000/_next/static/chunks/acfdc_next_dist_d6b4f642._.js:2302
[  359431ms] [LOG] [Fast Refresh] rebuilding @ http://localhost:3000/_next/static/chunks/acfdc_next_dist_d6b4f642._.js:2302
[  359455ms] [LOG] [Fast Refresh] done in 62ms @ http://localhost:3000/_next/static/chunks/acfdc_next_dist_d6b4f642._.js:2302
[  361789ms] [LOG] [Fast Refresh] rebuilding @ http://localhost:3000/_next/static/chunks/acfdc_next_dist_d6b4f642._.js:2302
[  361807ms] [LOG] [Fast Refresh] done in 52ms @ http://localhost:3000/_next/static/chunks/acfdc_next_dist_d6b4f642._.js:2302
[  367969ms] [LOG] [Fast Refresh] rebuilding @ http://localhost:3000/_next/static/chunks/acfdc_next_dist_d6b4f642._.js:2302
[  367982ms] [LOG] [Fast Refresh] done in 59ms @ http://localhost:3000/_next/static/chunks/acfdc_next_dist_d6b4f642._.js:2302
[  377063ms] [LOG] [Fast Refresh] rebuilding @ http://localhost:3000/_next/static/chunks/acfdc_next_dist_d6b4f642._.js:2302
[  377080ms] [LOG] [Fast Refresh] done in 55ms @ http://localhost:3000/_next/static/chunks/acfdc_next_dist_d6b4f642._.js:2302
[  385432ms] [LOG] [Fast Refresh] rebuilding @ http://localhost:3000/_next/static/chunks/acfdc_next_dist_d6b4f642._.js:2302
[  385457ms] [LOG] [Fast Refresh] done in 125ms @ http://localhost:3000/_next/static/chunks/acfdc_next_dist_d6b4f642._.js:2302
[  396037ms] [ERROR] ./apps/web/components/feature-modules/landing/hero/components/hero-background.tsx:52:6
Parsing ecmascript source code failed
  50 |         </picture>
  51 |       </div>
> 52 |     </div>
     |      ^^^^^
  53 |   );
  54 | }
  55 |

Unterminated regexp literal

Import traces:
  Client Component Browser:
    ./apps/web/components/feature-modules/landing/hero/components/hero-background.tsx [Client Component Browser]
    ./apps/web/components/feature-modules/landing/hero/components/hero.tsx [Client Component Browser]
    ./apps/web/components/feature-modules/landing/hero/components/hero.tsx [Server Component]
    ./apps/web/app/page.tsx [Server Component]

  Client Component SSR:
    ./apps/web/components/feature-modules/landing/hero/components/hero-background.tsx [Client Component SSR]
    ./apps/web/components/feature-modules/landing/hero/components/hero.tsx [Client Component SSR]
    ./apps/web/components/feature-modules/landing/hero/components/hero.tsx [Server Component]
    ./apps/web/app/page.tsx [Server Component] @ http://localhost:3000/_next/static/chunks/acfdc_next_dist_d6b4f642._.js:3132
[  396074ms] [LOG] [Fast Refresh] rebuilding @ http://localhost:3000/_next/static/chunks/acfdc_next_dist_d6b4f642._.js:2302
[  398307ms] [LOG] [Fast Refresh] rebuilding @ http://localhost:3000/_next/static/chunks/acfdc_next_dist_d6b4f642._.js:2302
[  398431ms] [LOG] [Fast Refresh] done in 65ms @ http://localhost:3000/_next/static/chunks/acfdc_next_dist_d6b4f642._.js:2302
[  399203ms] [LOG] [Fast Refresh] rebuilding @ http://localhost:3000/_next/static/chunks/acfdc_next_dist_d6b4f642._.js:2302
[  399226ms] [LOG] [Fast Refresh] done in 46ms @ http://localhost:3000/_next/static/chunks/acfdc_next_dist_d6b4f642._.js:2302
[  400875ms] [LOG] [Fast Refresh] rebuilding @ http://localhost:3000/_next/static/chunks/acfdc_next_dist_d6b4f642._.js:2302
[  400878ms] [LOG] [Fast Refresh] done in 102ms @ http://localhost:3000/_next/static/chunks/acfdc_next_dist_d6b4f642._.js:2302
[  517252ms] [LOG] [Fast Refresh] rebuilding @ http://localhost:3000/_next/static/chunks/acfdc_next_dist_d6b4f642._.js:2302
[  517279ms] [LOG] [Fast Refresh] done in 45ms @ http://localhost:3000/_next/static/chunks/acfdc_next_dist_d6b4f642._.js:2302
[  519477ms] [LOG] [Fast Refresh] rebuilding @ http://localhost:3000/_next/static/chunks/acfdc_next_dist_d6b4f642._.js:2302
[  519501ms] [LOG] [Fast Refresh] done in 61ms @ http://localhost:3000/_next/static/chunks/acfdc_next_dist_d6b4f642._.js:2302
[  519661ms] [LOG] [Fast Refresh] rebuilding @ http://localhost:3000/_next/static/chunks/acfdc_next_dist_d6b4f642._.js:2302
[  519687ms] [LOG] [Fast Refresh] done in 41ms @ http://localhost:3000/_next/static/chunks/acfdc_next_dist_d6b4f642._.js:2302
[  543308ms] [LOG] [Fast Refresh] rebuilding @ http://localhost:3000/_next/static/chunks/acfdc_next_dist_d6b4f642._.js:2302
[  543419ms] [LOG] [Fast Refresh] done in 36ms @ http://localhost:3000/_next/static/chunks/acfdc_next_dist_d6b4f642._.js:2302
[  550532ms] [LOG] [Fast Refresh] rebuilding @ http://localhost:3000/_next/static/chunks/acfdc_next_dist_d6b4f642._.js:2302
[  550701ms] [LOG] [Fast Refresh] done in 31ms @ http://localhost:3000/_next/static/chunks/acfdc_next_dist_d6b4f642._.js:2302
[  570006ms] [LOG] [Fast Refresh] rebuilding @ http://localhost:3000/_next/static/chunks/acfdc_next_dist_d6b4f642._.js:2302
[  570162ms] [LOG] [Fast Refresh] done in 49ms @ http://localhost:3000/_next/static/chunks/acfdc_next_dist_d6b4f642._.js:2302
[  573850ms] [LOG] [Fast Refresh] rebuilding @ http://localhost:3000/_next/static/chunks/acfdc_next_dist_d6b4f642._.js:2302
[  574017ms] [LOG] [Fast Refresh] done in 38ms @ http://localhost:3000/_next/static/chunks/acfdc_next_dist_d6b4f642._.js:2302
[  577906ms] [LOG] [Fast Refresh] rebuilding @ http://localhost:3000/_next/static/chunks/acfdc_next_dist_d6b4f642._.js:2302
[  578015ms] [LOG] [Fast Refresh] done in 36ms @ http://localhost:3000/_next/static/chunks/acfdc_next_dist_d6b4f642._.js:2302
[  697598ms] [LOG] [Fast Refresh] rebuilding @ http://localhost:3000/_next/static/chunks/acfdc_next_dist_d6b4f642._.js:2302
[  697716ms] [LOG] [Fast Refresh] done in 186ms @ http://localhost:3000/_next/static/chunks/acfdc_next_dist_d6b4f642._.js:2302
[  705124ms] [LOG] [Fast Refresh] rebuilding @ http://localhost:3000/_next/static/chunks/acfdc_next_dist_d6b4f642._.js:2302
[  705139ms] [LOG] [Fast Refresh] done in 115ms @ http://localhost:3000/_next/static/chunks/acfdc_next_dist_d6b4f642._.js:2302
[  712618ms] [LOG] [Fast Refresh] rebuilding @ http://localhost:3000/_next/static/chunks/acfdc_next_dist_d6b4f642._.js:2302
[  712725ms] [LOG] [Fast Refresh] done in 185ms @ http://localhost:3000/_next/static/chunks/acfdc_next_dist_d6b4f642._.js:2302
[  715503ms] [LOG] [Fast Refresh] rebuilding @ http://localhost:3000/_next/static/chunks/acfdc_next_dist_d6b4f642._.js:2302
[  715522ms] [LOG] [Fast Refresh] done in 55ms @ http://localhost:3000/_next/static/chunks/acfdc_next_dist_d6b4f642._.js:2302
[  720978ms] [LOG] [Fast Refresh] rebuilding @ http://localhost:3000/_next/static/chunks/acfdc_next_dist_d6b4f642._.js:2302
[  721049ms] [LOG] [Fast Refresh] done in 108ms @ http://localhost:3000/_next/static/chunks/acfdc_next_dist_d6b4f642._.js:2302
[  730247ms] [LOG] [Fast Refresh] rebuilding @ http://localhost:3000/_next/static/chunks/acfdc_next_dist_d6b4f642._.js:2302
[  730314ms] [LOG] [Fast Refresh] done in 105ms @ http://localhost:3000/_next/static/chunks/acfdc_next_dist_d6b4f642._.js:2302
[  735918ms] [LOG] [Fast Refresh] rebuilding @ http://localhost:3000/_next/static/chunks/acfdc_next_dist_d6b4f642._.js:2302
[  735948ms] ReferenceError: MIN_OPACITY is not defined
    at ReelCard.useTransform[opacity] (http://localhost:3000/_next/static/chunks/apps_web_components_b96f0f04._.js?id=%255Bproject%255D%252Fapps%252Fweb%252Fcomponents%252Ffeature-modules%252Flanding%252Fcross-domain-intelligence%252Fdiagonal-reel.tsx+%255Bapp-client%255D+%2528ecmascript%2529:363:46)
    at useTransform.useListTransform (http://localhost:3000/_next/static/chunks/f3be0_framer-motion_dist_es_287ce0a2._.js:4164:54)
    at useListTransform.useCombineMotionValues (http://localhost:3000/_next/static/chunks/f3be0_framer-motion_dist_es_287ce0a2._.js:4191:20)
    at useCombineMotionValues (http://localhost:3000/_next/static/chunks/f3be0_framer-motion_dist_es_287ce0a2._.js:4068:368)
    at useListTransform (http://localhost:3000/_next/static/chunks/f3be0_framer-motion_dist_es_287ce0a2._.js:4184:366)
    at useTransform (http://localhost:3000/_next/static/chunks/f3be0_framer-motion_dist_es_287ce0a2._.js:4161:82)
    at ReelCard (http://localhost:3000/_next/static/chunks/apps_web_components_b96f0f04._.js?id=%255Bproject%255D%252Fapps%252Fweb%252Fcomponents%252Ffeature-modules%252Flanding%252Fcross-domain-intelligence%252Fdiagonal-reel.tsx+%255Bapp-client%255D+%2528ecmascript%2529:360:357)
    at Object.react_stack_bottom_frame (http://localhost:3000/_next/static/chunks/acfdc_next_dist_compiled_react-dom_d04dd8d4._.js:14826:24)
    at renderWithHooks (http://localhost:3000/_next/static/chunks/acfdc_next_dist_compiled_react-dom_d04dd8d4._.js:4651:24)
    at updateFunctionComponent (http://localhost:3000/_next/static/chunks/acfdc_next_dist_compiled_react-dom_d04dd8d4._.js:6112:21)
    at beginWork (http://localhost:3000/_next/static/chunks/acfdc_next_dist_compiled_react-dom_d04dd8d4._.js:6708:24)
    at runWithFiberInDEV (http://localhost:3000/_next/static/chunks/acfdc_next_dist_compiled_react-dom_d04dd8d4._.js:965:74)
    at performUnitOfWork (http://localhost:3000/_next/static/chunks/acfdc_next_dist_compiled_react-dom_d04dd8d4._.js:9562:97)
    at workLoopSync (http://localhost:3000/_next/static/chunks/acfdc_next_dist_compiled_react-dom_d04dd8d4._.js:9456:40)
    at renderRootSync (http://localhost:3000/_next/static/chunks/acfdc_next_dist_compiled_react-dom_d04dd8d4._.js:9440:13)
    at performWorkOnRoot (http://localhost:3000/_next/static/chunks/acfdc_next_dist_compiled_react-dom_d04dd8d4._.js:9105:47)
    at performSyncWorkOnRoot (http://localhost:3000/_next/static/chunks/acfdc_next_dist_compiled_react-dom_d04dd8d4._.js:10238:9)
    at flushSyncWorkAcrossRoots_impl (http://localhost:3000/_next/static/chunks/acfdc_next_dist_compiled_react-dom_d04dd8d4._.js:10154:316)
    at flushSyncWork$1 (http://localhost:3000/_next/static/chunks/acfdc_next_dist_compiled_react-dom_d04dd8d4._.js:9237:86)
    at Object.scheduleRefresh (http://localhost:3000/_next/static/chunks/acfdc_next_dist_compiled_react-dom_d04dd8d4._.js:299:13)
    at http://localhost:3000/_next/static/chunks/acfdc_next_dist_compiled_a0ebb223._.js:391:33
    at Set.forEach (<anonymous>)
    at Object.performReactRefresh (http://localhost:3000/_next/static/chunks/acfdc_next_dist_compiled_a0ebb223._.js:384:38)
    at applyUpdate (http://localhost:3000/_next/static/chunks/acfdc_next_dist_compiled_a0ebb223._.js:878:31)
    at http://localhost:3000/_next/static/chunks/acfdc_next_dist_compiled_a0ebb223._.js:886:13
[  735970ms] [LOG] [Fast Refresh] done in 83ms @ http://localhost:3000/_next/static/chunks/acfdc_next_dist_d6b4f642._.js:2302
